<?xml version="1.0" encoding="utf-8"?>
<coverage line-rate="0.7567" branch-rate="0.46149999999999997" version="1.9" timestamp="1747821525" lines-covered="56" lines-valid="74" branches-covered="6" branches-valid="13">
  <sources>
    <source>C:\dev\repos\TELBlazor\TELBlazor.Components\</source>
  </sources>
  <packages>
    <package name="TELBlazor.Components" line-rate="0.7567" branch-rate="0.46149999999999997" complexity="49">
      <classes>
        <class name="TELBlazor.Components.Components.BaseComponents.TELButton" filename="Components\BaseComponents\TELButton.razor" line-rate="0.9166" branch-rate="0.75" complexity="19">
          <methods>
            <method name="BuildRenderTree" signature="(Microsoft.AspNetCore.Components.Rendering.RenderTreeBuilder)" line-rate="0.6" branch-rate="0.5" complexity="2">
              <lines>
                <line number="5" hits="18" branch="True" condition-coverage="50% (1/2)">
                  <conditions>
                    <condition number="9" type="jump" coverage="50%" />
                  </conditions>
                </line>
                <line number="6" hits="0" branch="False" />
                <line number="17" hits="0" branch="False" />
                <line number="19" hits="18" branch="False" />
                <line number="43" hits="18" branch="False" />
              </lines>
            </method>
            <method name="get_IsSubmitButtonForEditForm" signature="()" line-rate="1" branch-rate="1" complexity="1">
              <lines>
                <line number="56" hits="54" branch="False" />
              </lines>
            </method>
            <method name="get_FormData" signature="()" line-rate="1" branch-rate="1" complexity="1">
              <lines>
                <line number="57" hits="72" branch="False" />
              </lines>
            </method>
            <method name="get_NoJSActionUrl" signature="()" line-rate="1" branch-rate="1" complexity="1">
              <lines>
                <line number="58" hits="36" branch="False" />
              </lines>
            </method>
            <method name="get_OnClick" signature="()" line-rate="1" branch-rate="1" complexity="1">
              <lines>
                <line number="59" hits="18" branch="False" />
              </lines>
            </method>
            <method name="get_PreventDoubleClick" signature="()" line-rate="1" branch-rate="1" complexity="1">
              <lines>
                <line number="60" hits="54" branch="False" />
              </lines>
            </method>
            <method name="get_ButtonText" signature="()" line-rate="1" branch-rate="1" complexity="1">
              <lines>
                <line number="65" hits="36" branch="False" />
              </lines>
            </method>
            <method name="get_ButtonStyle" signature="()" line-rate="1" branch-rate="1" complexity="1">
              <lines>
                <line number="66" hits="54" branch="False" />
              </lines>
            </method>
            <method name="get_AdditionalCssClasses" signature="()" line-rate="1" branch-rate="1" complexity="1">
              <lines>
                <line number="67" hits="54" branch="False" />
              </lines>
            </method>
            <method name="get_ToolTipTitle" signature="()" line-rate="1" branch-rate="1" complexity="1">
              <lines>
                <line number="68" hits="36" branch="False" />
              </lines>
            </method>
            <method name="get_AriaLabel" signature="()" line-rate="1" branch-rate="1" complexity="1">
              <lines>
                <line number="74" hits="36" branch="False" />
              </lines>
            </method>
            <method name="get_AssistiveText" signature="()" line-rate="1" branch-rate="1" complexity="1">
              <lines>
                <line number="75" hits="36" branch="False" />
              </lines>
            </method>
            <method name="get_TabIndex" signature="()" line-rate="1" branch-rate="1" complexity="1">
              <lines>
                <line number="76" hits="54" branch="False" />
              </lines>
            </method>
            <method name="get_AriaRole" signature="()" line-rate="1" branch-rate="1" complexity="1">
              <lines>
                <line number="78" hits="18" branch="False" />
              </lines>
            </method>
            <method name="get_AriaDescribedBy" signature="()" line-rate="1" branch-rate="1" complexity="1">
              <lines>
                <line number="79" hits="18" branch="False" />
              </lines>
            </method>
            <method name="&lt;BuildRenderTree&gt;b__0_1" signature="(Microsoft.AspNetCore.Components.Rendering.RenderTreeBuilder)" line-rate="1" branch-rate="1" complexity="2">
              <lines>
                <line number="28" hits="90" branch="True" condition-coverage="100% (2/2)">
                  <conditions>
                    <condition number="134" type="jump" coverage="100%" />
                  </conditions>
                </line>
                <line number="29" hits="18" branch="False" />
                <line number="31" hits="18" branch="False" />
              </lines>
            </method>
            <method name=".ctor" signature="()" line-rate="1" branch-rate="1" complexity="1">
              <lines>
                <line number="86" hits="18" branch="False" />
                <line number="87" hits="18" branch="False" />
              </lines>
            </method>
          </methods>
          <lines>
            <line number="5" hits="18" branch="True" condition-coverage="50% (1/2)">
              <conditions>
                <condition number="9" type="jump" coverage="50%" />
              </conditions>
            </line>
            <line number="6" hits="0" branch="False" />
            <line number="17" hits="0" branch="False" />
            <line number="19" hits="18" branch="False" />
            <line number="43" hits="18" branch="False" />
            <line number="56" hits="54" branch="False" />
            <line number="57" hits="72" branch="False" />
            <line number="58" hits="36" branch="False" />
            <line number="59" hits="18" branch="False" />
            <line number="60" hits="54" branch="False" />
            <line number="65" hits="36" branch="False" />
            <line number="66" hits="54" branch="False" />
            <line number="67" hits="54" branch="False" />
            <line number="68" hits="36" branch="False" />
            <line number="74" hits="36" branch="False" />
            <line number="75" hits="36" branch="False" />
            <line number="76" hits="54" branch="False" />
            <line number="78" hits="18" branch="False" />
            <line number="79" hits="18" branch="False" />
            <line number="28" hits="90" branch="True" condition-coverage="100% (2/2)">
              <conditions>
                <condition number="134" type="jump" coverage="100%" />
              </conditions>
            </line>
            <line number="29" hits="18" branch="False" />
            <line number="31" hits="18" branch="False" />
            <line number="86" hits="18" branch="False" />
            <line number="87" hits="18" branch="False" />
          </lines>
        </class>
        <class name="TELBlazor.Components.Components.BaseComponents.TELButtonSubComponent" filename="Components\BaseComponents\TELButtonSubComponent.razor" line-rate="1" branch-rate="1" complexity="13">
          <methods>
            <method name="BuildRenderTree" signature="(Microsoft.AspNetCore.Components.Rendering.RenderTreeBuilder)" line-rate="1" branch-rate="1" complexity="2">
              <lines>
                <line number="12" hits="18" branch="True" condition-coverage="100% (2/2)">
                  <conditions>
                    <condition number="202" type="jump" coverage="100%" />
                  </conditions>
                </line>
                <line number="13" hits="18" branch="False" />
                <line number="15" hits="18" branch="False" />
              </lines>
            </method>
            <method name="get_AriaDescribedBy" signature="()" line-rate="1" branch-rate="1" complexity="1">
              <lines>
                <line number="24" hits="36" branch="False" />
              </lines>
            </method>
            <method name="OnInitialized" signature="()" line-rate="1" branch-rate="1" complexity="1">
              <lines>
                <line number="27" hits="18" branch="False" />
                <line number="28" hits="18" branch="False" />
                <line number="29" hits="18" branch="False" />
              </lines>
            </method>
            <method name="get_ButtonStyle" signature="()" line-rate="1" branch-rate="1" complexity="1">
              <lines>
                <line number="35" hits="54" branch="False" />
              </lines>
            </method>
            <method name="get_ButtonText" signature="()" line-rate="1" branch-rate="1" complexity="1">
              <lines>
                <line number="38" hits="36" branch="False" />
              </lines>
            </method>
            <method name="get_AdditionalCssClasses" signature="()" line-rate="1" branch-rate="1" complexity="1">
              <lines>
                <line number="40" hits="54" branch="False" />
              </lines>
            </method>
            <method name="get_PreventDoubleClick" signature="()" line-rate="1" branch-rate="1" complexity="1">
              <lines>
                <line number="43" hits="36" branch="False" />
              </lines>
            </method>
            <method name="get_AriaRole" signature="()" line-rate="1" branch-rate="1" complexity="1">
              <lines>
                <line number="49" hits="36" branch="False" />
              </lines>
            </method>
            <method name="get_AriaLabel" signature="()" line-rate="1" branch-rate="1" complexity="1">
              <lines>
                <line number="52" hits="36" branch="False" />
              </lines>
            </method>
            <method name="get_AssistiveText" signature="()" line-rate="1" branch-rate="1" complexity="1">
              <lines>
                <line number="55" hits="54" branch="False" />
              </lines>
            </method>
            <method name="get_TabIndex" signature="()" line-rate="1" branch-rate="1" complexity="1">
              <lines>
                <line number="59" hits="54" branch="False" />
              </lines>
            </method>
            <method name="get_ToolTipTitle" signature="()" line-rate="1" branch-rate="1" complexity="1">
              <lines>
                <line number="62" hits="36" branch="False" />
              </lines>
            </method>
          </methods>
          <lines>
            <line number="12" hits="18" branch="True" condition-coverage="100% (2/2)">
              <conditions>
                <condition number="202" type="jump" coverage="100%" />
              </conditions>
            </line>
            <line number="13" hits="18" branch="False" />
            <line number="15" hits="18" branch="False" />
            <line number="24" hits="36" branch="False" />
            <line number="27" hits="18" branch="False" />
            <line number="28" hits="18" branch="False" />
            <line number="29" hits="18" branch="False" />
            <line number="35" hits="54" branch="False" />
            <line number="38" hits="36" branch="False" />
            <line number="40" hits="54" branch="False" />
            <line number="43" hits="36" branch="False" />
            <line number="49" hits="36" branch="False" />
            <line number="52" hits="36" branch="False" />
            <line number="55" hits="54" branch="False" />
            <line number="59" hits="54" branch="False" />
            <line number="62" hits="36" branch="False" />
          </lines>
        </class>
        <class name="TELBlazor.Components.TELBlazorPackageVersion.VersionInfo" filename="TELBlazorPackageVersion\VersionInfo.cs" line-rate="1" branch-rate="1" complexity="1">
          <methods>
            <method name=".cctor" signature="()" line-rate="1" branch-rate="1" complexity="1">
              <lines>
                <line number="1" hits="1" branch="False" />
                <line number="2" hits="1" branch="False" />
              </lines>
            </method>
          </methods>
          <lines>
            <line number="1" hits="1" branch="False" />
            <line number="2" hits="1" branch="False" />
          </lines>
        </class>
        <class name="TELBlazor.Components.Core.TELComponentBase" filename="Core\TELComponentBase.cs" line-rate="1" branch-rate="1" complexity="5">
          <methods>
            <method name="get_TELBlazorBaseComponentConfiguration" signature="()" line-rate="1" branch-rate="1" complexity="1">
              <lines>
                <line number="15" hits="108" branch="False" />
              </lines>
            </method>
            <method name="get_Logger" signature="()" line-rate="1" branch-rate="1" complexity="1">
              <lines>
                <line number="18" hits="90" branch="False" />
              </lines>
            </method>
            <method name="get_JSEnabled" signature="()" line-rate="1" branch-rate="1" complexity="1">
              <lines>
                <line number="20" hits="18" branch="False" />
              </lines>
            </method>
            <method name="get_HostType" signature="()" line-rate="1" branch-rate="1" complexity="1">
              <lines>
                <line number="21" hits="18" branch="False" />
              </lines>
            </method>
            <method name="OnInitialized" signature="()" line-rate="1" branch-rate="1" complexity="1">
              <lines>
                <line number="23" hits="18" branch="False" />
                <line number="24" hits="18" branch="False" />
                <line number="25" hits="18" branch="False" />
                <line number="26" hits="18" branch="False" />
              </lines>
            </method>
          </methods>
          <lines>
            <line number="15" hits="108" branch="False" />
            <line number="18" hits="90" branch="False" />
            <line number="20" hits="18" branch="False" />
            <line number="21" hits="18" branch="False" />
            <line number="23" hits="18" branch="False" />
            <line number="24" hits="18" branch="False" />
            <line number="25" hits="18" branch="False" />
            <line number="26" hits="18" branch="False" />
          </lines>
        </class>
        <class name="TELBlazor.Components.Core.Models.Logging.LocalStorageLogLevel" filename="Core\Models\Logging\LocalStorageLogLevel.cs" line-rate="0" branch-rate="1" complexity="2">
          <methods>
            <method name="get_Level" signature="()" line-rate="0" branch-rate="1" complexity="1">
              <lines>
                <line number="11" hits="0" branch="False" />
              </lines>
            </method>
            <method name="get_Expires" signature="()" line-rate="0" branch-rate="1" complexity="1">
              <lines>
                <line number="12" hits="0" branch="False" />
              </lines>
            </method>
          </methods>
          <lines>
            <line number="11" hits="0" branch="False" />
            <line number="12" hits="0" branch="False" />
          </lines>
        </class>
        <class name="TELBlazor.Components.Core.Extensions.TELButtonStyleExtensions" filename="Core\Extensions\TELButtonStyleExtensions.cs" line-rate="0.6" branch-rate="0.2" complexity="5">
          <methods>
            <method name="ToCssClass" signature="(TELBlazor.Components.Core.Enums.TELButtonStyle)" line-rate="0.6" branch-rate="0.2" complexity="5">
              <lines>
                <line number="15" hits="18" branch="False" />
                <line number="16" hits="18" branch="True" condition-coverage="20% (1/5)">
                  <conditions>
                    <condition number="6" type="switch" coverage="20%" />
                  </conditions>
                </line>
                <line number="17" hits="18" branch="False" />
                <line number="18" hits="0" branch="False" />
                <line number="19" hits="0" branch="False" />
                <line number="20" hits="0" branch="False" />
                <line number="21" hits="18" branch="False" />
                <line number="22" hits="0" branch="False" />
                <line number="23" hits="18" branch="False" />
                <line number="24" hits="18" branch="False" />
              </lines>
            </method>
          </methods>
          <lines>
            <line number="15" hits="18" branch="False" />
            <line number="16" hits="18" branch="True" condition-coverage="20% (1/5)">
              <conditions>
                <condition number="6" type="switch" coverage="20%" />
              </conditions>
            </line>
            <line number="17" hits="18" branch="False" />
            <line number="18" hits="0" branch="False" />
            <line number="19" hits="0" branch="False" />
            <line number="20" hits="0" branch="False" />
            <line number="21" hits="18" branch="False" />
            <line number="22" hits="0" branch="False" />
            <line number="23" hits="18" branch="False" />
            <line number="24" hits="18" branch="False" />
          </lines>
        </class>
        <class name="TELBlazor.Components.Core.DI.DI" filename="Core\DI\DI.cs" line-rate="0" branch-rate="0" complexity="2">
          <methods>
            <method name="AddTELBlazorComponentServices" signature="(Microsoft.Extensions.DependencyInjection.IServiceCollection,System.Boolean,TELBlazor.Components.Core.Configuration.ITELBlazorBaseComponentConfiguration)" line-rate="0" branch-rate="0" complexity="2">
              <lines>
                <line number="31" hits="0" branch="False" />
                <line number="38" hits="0" branch="True" condition-coverage="0% (0/2)">
                  <conditions>
                    <condition number="17" type="jump" coverage="0%" />
                  </conditions>
                </line>
                <line number="39" hits="0" branch="False" />
                <line number="40" hits="0" branch="False" />
                <line number="50" hits="0" branch="False" />
                <line number="52" hits="0" branch="False" />
                <line number="53" hits="0" branch="False" />
                <line number="54" hits="0" branch="False" />
                <line number="61" hits="0" branch="False" />
                <line number="62" hits="0" branch="False" />
              </lines>
            </method>
          </methods>
          <lines>
            <line number="31" hits="0" branch="False" />
            <line number="38" hits="0" branch="True" condition-coverage="0% (0/2)">
              <conditions>
                <condition number="17" type="jump" coverage="0%" />
              </conditions>
            </line>
            <line number="39" hits="0" branch="False" />
            <line number="40" hits="0" branch="False" />
            <line number="50" hits="0" branch="False" />
            <line number="52" hits="0" branch="False" />
            <line number="53" hits="0" branch="False" />
            <line number="54" hits="0" branch="False" />
            <line number="61" hits="0" branch="False" />
            <line number="62" hits="0" branch="False" />
          </lines>
        </class>
        <class name="TELBlazor.Components.Core.Configuration.TELBlazorBaseComponentConfiguration" filename="Core\Configuration\TELBlazorBaseComponentConfiguration.cs" line-rate="1" branch-rate="1" complexity="2">
          <methods>
            <method name="get_JSEnabled" signature="()" line-rate="1" branch-rate="1" complexity="1">
              <lines>
                <line number="14" hits="54" branch="False" />
              </lines>
            </method>
            <method name="get_HostType" signature="()" line-rate="1" branch-rate="1" complexity="1">
              <lines>
                <line number="17" hits="54" branch="False" />
              </lines>
            </method>
          </methods>
          <lines>
            <line number="14" hits="54" branch="False" />
            <line number="17" hits="54" branch="False" />
          </lines>
        </class>
      </classes>
    </package>
  </packages>
</coverage>